[debug] [2022-02-08T13:56:22.002Z] ----------------------------------------------------------------------
[debug] [2022-02-08T13:56:22.004Z] Command:       C:\Program Files\nodejs\node.exe C:\Users\kauan\AppData\Roaming\npm\node_modules\firebase-tools\lib\bin\firebase.js init functions
[debug] [2022-02-08T13:56:22.005Z] CLI Version:   9.19.0
[debug] [2022-02-08T13:56:22.005Z] Platform:      win32
[debug] [2022-02-08T13:56:22.005Z] Node Version:  v16.13.2
[debug] [2022-02-08T13:56:22.012Z] Time:          Tue Feb 08 2022 10:56:22 GMT-0300 (Horário Padrão de Brasília)
[debug] [2022-02-08T13:56:22.012Z] ----------------------------------------------------------------------
[debug] 
[debug] [2022-02-08T13:56:22.019Z] >>> [apiv2][query] GET https://firebase-public.firebaseio.com/cli.json [none]
[debug] [2022-02-08T13:56:22.057Z] > command requires scopes: ["email","openid","https://www.googleapis.com/auth/cloudplatformprojects.readonly","https://www.googleapis.com/auth/firebase","https://www.googleapis.com/auth/cloud-platform"]
[debug] [2022-02-08T13:56:22.058Z] > authorizing via signed-in user (kauan7622@gmail.com)
[info] 
     ######## #### ########  ######## ########     ###     ######  ########
     ##        ##  ##     ## ##       ##     ##  ##   ##  ##       ##
     ######    ##  ########  ######   ########  #########  ######  ######
     ##        ##  ##    ##  ##       ##     ## ##     ##       ## ##
     ##       #### ##     ## ######## ########  ##     ##  ######  ########

You're about to initialize a Firebase project in this directory:

  C:\Users\kauan\OneDrive\Área de Trabalho\web\chatdev

[debug] [2022-02-08T13:56:22.707Z] <<< [apiv2][status] GET https://firebase-public.firebaseio.com/cli.json 200
[debug] [2022-02-08T13:56:22.708Z] <<< [apiv2][body] GET https://firebase-public.firebaseio.com/cli.json {"cloudBuildErrorAfter":1594252800000,"cloudBuildWarnAfter":1590019200000,"defaultNode10After":1594252800000,"minVersion":"3.0.5","node8DeploysDisabledAfter":1613390400000,"node8RuntimeDisabledAfter":1615809600000,"node8WarnAfter":1600128000000}
[info] 
=== Project Setup
[info] 
[info] First, let's associate this project directory with a Firebase project.
[info] You can create multiple project aliases by running firebase use --add, 
[info] but for now we'll just set up a default project.
[info] 
